{"numTotalTestSuites":271,"numPassedTestSuites":172,"numFailedTestSuites":99,"numPendingTestSuites":0,"numTotalTests":560,"numPassedTests":427,"numFailedTests":133,"numPendingTests":0,"numTodoTests":0,"snapshot":{"added":0,"failure":false,"filesAdded":0,"filesRemoved":0,"filesRemovedList":[],"filesUnmatched":0,"filesUpdated":0,"matched":0,"total":0,"unchecked":0,"uncheckedKeysByFile":[],"unmatched":0,"updated":0,"didUpdate":false},"startTime":1770386644384,"success":false,"testResults":[{"assertionResults":[{"ancestorTitles":["ToastNavigationCleanup"],"fullName":"ToastNavigationCleanup dismisses toasts when route changes","status":"passed","title":"dismisses toasts when route changes","duration":164.642292,"failureMessages":[],"meta":{}}],"startTime":1770386649484,"endTime":1770386649648.6423,"status":"passed","message":"","name":"/Users/jacobstephens/Documents/Ally-ios/src/components/ToastNavigationCleanup.test.tsx"},{"assertionResults":[{"ancestorTitles":["useConversationManager","initialization"],"fullName":"useConversationManager initialization should initialize with default values","status":"passed","title":"should initialize with default values","duration":8.091458999999986,"failureMessages":[],"meta":{}},{"ancestorTitles":["useConversationManager","initialization"],"fullName":"useConversationManager initialization should work with null userId","status":"passed","title":"should work with null userId","duration":0.6805420000000595,"failureMessages":[],"meta":{}},{"ancestorTitles":["useConversationManager","fetchAquariums"],"fullName":"useConversationManager fetchAquariums should fetch and set aquariums","status":"failed","title":"should fetch and set aquariums","duration":12.500625000000127,"failureMessages":["TypeError: __vite_ssr_import_1__.supabase.from(...).select(...).eq is not a function\n    at Object.fetchAquariums (/Users/jacobstephens/Documents/Ally-ios/src/hooks/useConversationManager.ts:49:8)\n    at /Users/jacobstephens/Documents/Ally-ios/src/hooks/useConversationManager.test.ts:45:30\n    at /Users/jacobstephens/Documents/Ally-ios/node_modules/@testing-library/react/dist/act-compat.js:47:24\n    at act (/Users/jacobstephens/Documents/Ally-ios/node_modules/react/cjs/react.development.js:2512:16)\n    at act (/Users/jacobstephens/Documents/Ally-ios/node_modules/@testing-library/react/dist/act-compat.js:46:25)\n    at /Users/jacobstephens/Documents/Ally-ios/src/hooks/useConversationManager.test.ts:44:13\n    at file:///Users/jacobstephens/Documents/Ally-ios/node_modules/@vitest/runner/dist/index.js:145:11\n    at file:///Users/jacobstephens/Documents/Ally-ios/node_modules/@vitest/runner/dist/index.js:915:26\n    at file:///Users/jacobstephens/Documents/Ally-ios/node_modules/@vitest/runner/dist/index.js:1243:20\n    at new Promise (<anonymous>)"],"meta":{}},{"ancestorTitles":["useConversationManager","fetchAquariums"],"fullName":"useConversationManager fetchAquariums should handle empty aquariums","status":"failed","title":"should handle empty aquariums","duration":2.9962500000001455,"failureMessages":["TypeError: __vite_ssr_import_1__.supabase.from(...).select(...).eq is not a function\n    at Object.fetchAquariums (/Users/jacobstephens/Documents/Ally-ios/src/hooks/useConversationManager.ts:49:8)\n    at /Users/jacobstephens/Documents/Ally-ios/src/hooks/useConversationManager.test.ts:61:30\n    at /Users/jacobstephens/Documents/Ally-ios/node_modules/@testing-library/react/dist/act-compat.js:47:24\n    at act (/Users/jacobstephens/Documents/Ally-ios/node_modules/react/cjs/react.development.js:2512:16)\n    at act (/Users/jacobstephens/Documents/Ally-ios/node_modules/@testing-library/react/dist/act-compat.js:46:25)\n    at /Users/jacobstephens/Documents/Ally-ios/src/hooks/useConversationManager.test.ts:60:13\n    at file:///Users/jacobstephens/Documents/Ally-ios/node_modules/@vitest/runner/dist/index.js:145:11\n    at file:///Users/jacobstephens/Documents/Ally-ios/node_modules/@vitest/runner/dist/index.js:915:26\n    at file:///Users/jacobstephens/Documents/Ally-ios/node_modules/@vitest/runner/dist/index.js:1243:20\n    at new Promise (<anonymous>)"],"meta":{}},{"ancestorTitles":["useConversationManager","fetchConversations"],"fullName":"useConversationManager fetchConversations should fetch and set conversations","status":"failed","title":"should fetch and set conversations","duration":8.587833000000046,"failureMessages":["AssertionError: expected [] to deeply equal [ { id: 'conv-1', …(3) }, …(1) ]\n    at /Users/jacobstephens/Documents/Ally-ios/src/hooks/useConversationManager.test.ts:87:44\n    at file:///Users/jacobstephens/Documents/Ally-ios/node_modules/@vitest/runner/dist/index.js:915:20"],"meta":{}},{"ancestorTitles":["useConversationManager","startNewConversation"],"fullName":"useConversationManager startNewConversation should return initial message and reset conversation ID","status":"passed","title":"should return initial message and reset conversation ID","duration":2.2534169999998994,"failureMessages":[],"meta":{}},{"ancestorTitles":["useConversationManager","loadConversation"],"fullName":"useConversationManager loadConversation should load messages and set current conversation","status":"failed","title":"should load messages and set current conversation","duration":5.8704589999999826,"failureMessages":["AssertionError: expected 'general' to be 'aq-1' // Object.is equality\n    at /Users/jacobstephens/Documents/Ally-ios/src/hooks/useConversationManager.test.ts:154:47\n    at file:///Users/jacobstephens/Documents/Ally-ios/node_modules/@vitest/runner/dist/index.js:915:20"],"meta":{}},{"ancestorTitles":["useConversationManager","loadConversation"],"fullName":"useConversationManager loadConversation should return initial message when no messages found","status":"passed","title":"should return initial message when no messages found","duration":1.8665829999999914,"failureMessages":[],"meta":{}},{"ancestorTitles":["useConversationManager","deleteConversation"],"fullName":"useConversationManager deleteConversation should delete conversation and show success toast","status":"failed","title":"should delete conversation and show success toast","duration":2.30341599999997,"failureMessages":["TypeError: __vite_ssr_import_1__.supabase.from(...).delete(...).eq(...).eq is not a function\n    at Object.deleteConversation (/Users/jacobstephens/Documents/Ally-ios/src/hooks/useConversationManager.ts:270:8)\n    at /Users/jacobstephens/Documents/Ally-ios/src/hooks/useConversationManager.test.ts:196:30\n    at /Users/jacobstephens/Documents/Ally-ios/node_modules/@testing-library/react/dist/act-compat.js:47:24\n    at act (/Users/jacobstephens/Documents/Ally-ios/node_modules/react/cjs/react.development.js:2512:16)\n    at act (/Users/jacobstephens/Documents/Ally-ios/node_modules/@testing-library/react/dist/act-compat.js:46:25)\n    at /Users/jacobstephens/Documents/Ally-ios/src/hooks/useConversationManager.test.ts:195:13\n    at file:///Users/jacobstephens/Documents/Ally-ios/node_modules/@vitest/runner/dist/index.js:145:11\n    at file:///Users/jacobstephens/Documents/Ally-ios/node_modules/@vitest/runner/dist/index.js:915:26\n    at file:///Users/jacobstephens/Documents/Ally-ios/node_modules/@vitest/runner/dist/index.js:1243:20\n    at new Promise (<anonymous>)"],"meta":{}},{"ancestorTitles":["useConversationManager","deleteConversation"],"fullName":"useConversationManager deleteConversation should return true when deleting current conversation","status":"failed","title":"should return true when deleting current conversation","duration":2.0131249999999454,"failureMessages":["TypeError: __vite_ssr_import_1__.supabase.from(...).delete(...).eq(...).eq is not a function\n    at Object.deleteConversation (/Users/jacobstephens/Documents/Ally-ios/src/hooks/useConversationManager.ts:270:8)\n    at /Users/jacobstephens/Documents/Ally-ios/src/hooks/useConversationManager.test.ts:241:44\n    at /Users/jacobstephens/Documents/Ally-ios/node_modules/@testing-library/react/dist/act-compat.js:47:24\n    at act (/Users/jacobstephens/Documents/Ally-ios/node_modules/react/cjs/react.development.js:2512:16)\n    at act (/Users/jacobstephens/Documents/Ally-ios/node_modules/@testing-library/react/dist/act-compat.js:46:25)\n    at /Users/jacobstephens/Documents/Ally-ios/src/hooks/useConversationManager.test.ts:240:13\n    at file:///Users/jacobstephens/Documents/Ally-ios/node_modules/@vitest/runner/dist/index.js:915:20"],"meta":{}},{"ancestorTitles":["useConversationManager","saveConversation"],"fullName":"useConversationManager saveConversation should create new conversation when none exists","status":"passed","title":"should create new conversation when none exists","duration":1.5399999999999636,"failureMessages":[],"meta":{}},{"ancestorTitles":["useConversationManager","saveConversation"],"fullName":"useConversationManager saveConversation should return null when no userId","status":"passed","title":"should return null when no userId","duration":1.9493749999999181,"failureMessages":[],"meta":{}},{"ancestorTitles":["useConversationManager","getSelectedAquariumName"],"fullName":"useConversationManager getSelectedAquariumName should return \"Aquatics Advice\" for general selection","status":"passed","title":"should return \"Aquatics Advice\" for general selection","duration":1.5490839999999935,"failureMessages":[],"meta":{}},{"ancestorTitles":["useConversationManager","getSelectedAquariumName"],"fullName":"useConversationManager getSelectedAquariumName should return aquarium name when selected","status":"failed","title":"should return aquarium name when selected","duration":1.8587910000001102,"failureMessages":["TypeError: __vite_ssr_import_1__.supabase.from(...).select(...).eq is not a function\n    at Object.fetchAquariums (/Users/jacobstephens/Documents/Ally-ios/src/hooks/useConversationManager.ts:49:8)\n    at /Users/jacobstephens/Documents/Ally-ios/src/hooks/useConversationManager.test.ts:332:30\n    at /Users/jacobstephens/Documents/Ally-ios/node_modules/@testing-library/react/dist/act-compat.js:47:24\n    at act (/Users/jacobstephens/Documents/Ally-ios/node_modules/react/cjs/react.development.js:2512:16)\n    at act (/Users/jacobstephens/Documents/Ally-ios/node_modules/@testing-library/react/dist/act-compat.js:46:25)\n    at /Users/jacobstephens/Documents/Ally-ios/src/hooks/useConversationManager.test.ts:331:13\n    at file:///Users/jacobstephens/Documents/Ally-ios/node_modules/@vitest/runner/dist/index.js:145:11\n    at file:///Users/jacobstephens/Documents/Ally-ios/node_modules/@vitest/runner/dist/index.js:915:26\n    at file:///Users/jacobstephens/Documents/Ally-ios/node_modules/@vitest/runner/dist/index.js:1243:20\n    at new Promise (<anonymous>)"],"meta":{}},{"ancestorTitles":["useConversationManager","getAquariumIdForApi"],"fullName":"useConversationManager getAquariumIdForApi should return null for general selection","status":"passed","title":"should return null for general selection","duration":0.6508750000000418,"failureMessages":[],"meta":{}},{"ancestorTitles":["useConversationManager","getAquariumIdForApi"],"fullName":"useConversationManager getAquariumIdForApi should return aquarium ID when selected","status":"passed","title":"should return aquarium ID when selected","duration":0.42137499999989814,"failureMessages":[],"meta":{}},{"ancestorTitles":["useConversationManager","setSelectedAquarium"],"fullName":"useConversationManager setSelectedAquarium should update selected aquarium","status":"passed","title":"should update selected aquarium","duration":0.3839590000000044,"failureMessages":[],"meta":{}},{"ancestorTitles":["useConversationManager","updateMessageInDb"],"fullName":"useConversationManager updateMessageInDb should update message and delete subsequent messages","status":"passed","title":"should update message and delete subsequent messages","duration":3.1181249999999636,"failureMessages":[],"meta":{}},{"ancestorTitles":["useConversationManager","updateMessageInDb"],"fullName":"useConversationManager updateMessageInDb should do nothing without current conversation","status":"passed","title":"should do nothing without current conversation","duration":2.143000000000029,"failureMessages":[],"meta":{}},{"ancestorTitles":["useConversationManager","saveAssistantMessage"],"fullName":"useConversationManager saveAssistantMessage should save message when conversation exists","status":"passed","title":"should save message when conversation exists","duration":2.6902500000001055,"failureMessages":[],"meta":{}},{"ancestorTitles":["useConversationManager","saveAssistantMessage"],"fullName":"useConversationManager saveAssistantMessage should do nothing without current conversation","status":"passed","title":"should do nothing without current conversation","duration":1.096749999999929,"failureMessages":[],"meta":{}}],"startTime":1770386645779,"endTime":1770386645845.0967,"status":"failed","message":"","name":"/Users/jacobstephens/Documents/Ally-ios/src/hooks/useConversationManager.test.ts"},{"assertionResults":[{"ancestorTitles":["useStreamingResponse"],"fullName":"useStreamingResponse should initialize with isStreaming as false","status":"passed","title":"should initialize with isStreaming as false","duration":9.912792000000081,"failureMessages":[],"meta":{}},{"ancestorTitles":["useStreamingResponse"],"fullName":"useStreamingResponse should redirect to auth when no session exists","status":"passed","title":"should redirect to auth when no session exists","duration":3.0139159999999947,"failureMessages":[],"meta":{}},{"ancestorTitles":["useStreamingResponse"],"fullName":"useStreamingResponse should throw error when fetch fails","status":"passed","title":"should throw error when fetch fails","duration":4.0539589999999635,"failureMessages":[],"meta":{}},{"ancestorTitles":["useStreamingResponse"],"fullName":"useStreamingResponse should process SSE stream correctly","status":"passed","title":"should process SSE stream correctly","duration":4.41233299999999,"failureMessages":[],"meta":{}},{"ancestorTitles":["useStreamingResponse"],"fullName":"useStreamingResponse should include aquarium ID and model in request when provided","status":"passed","title":"should include aquarium ID and model in request when provided","duration":4.011166000000003,"failureMessages":[],"meta":{}},{"ancestorTitles":["useStreamingResponse"],"fullName":"useStreamingResponse should handle malformed JSON gracefully","status":"passed","title":"should handle malformed JSON gracefully","duration":2.1924589999999853,"failureMessages":[],"meta":{}},{"ancestorTitles":["useStreamingResponse"],"fullName":"useStreamingResponse should ignore SSE comments and empty lines","status":"passed","title":"should ignore SSE comments and empty lines","duration":1.7881660000000466,"failureMessages":[],"meta":{}}],"startTime":1770386650300,"endTime":1770386650328.788,"status":"passed","message":"","name":"/Users/jacobstephens/Documents/Ally-ios/src/hooks/useStreamingResponse.test.ts"},{"assertionResults":[{"ancestorTitles":["formatters","formatDate"],"fullName":"formatters formatDate should format a Date object","status":"passed","title":"should format a Date object","duration":1.1270409999999629,"failureMessages":[],"meta":{}},{"ancestorTitles":["formatters","formatDate"],"fullName":"formatters formatDate should format a date string","status":"failed","title":"should format a date string","duration":3.817083000000025,"failureMessages":["AssertionError: expected 'June 14th, 2025' to match /June 15/\n    at /Users/jacobstephens/Documents/Ally-ios/src/lib/formatters.test.ts:30:22\n    at file:///Users/jacobstephens/Documents/Ally-ios/node_modules/@vitest/runner/dist/index.js:145:11\n    at file:///Users/jacobstephens/Documents/Ally-ios/node_modules/@vitest/runner/dist/index.js:915:26\n    at file:///Users/jacobstephens/Documents/Ally-ios/node_modules/@vitest/runner/dist/index.js:1243:20\n    at new Promise (<anonymous>)\n    at runWithTimeout (file:///Users/jacobstephens/Documents/Ally-ios/node_modules/@vitest/runner/dist/index.js:1209:10)\n    at file:///Users/jacobstephens/Documents/Ally-ios/node_modules/@vitest/runner/dist/index.js:1653:37\n    at Traces.$ (file:///Users/jacobstephens/Documents/Ally-ios/node_modules/vitest/dist/chunks/traces.CCmnQaNT.js:142:27)\n    at trace (file:///Users/jacobstephens/Documents/Ally-ios/node_modules/vitest/dist/chunks/test.B8ej_ZHS.js:239:21)\n    at runTest (file:///Users/jacobstephens/Documents/Ally-ios/node_modules/@vitest/runner/dist/index.js:1653:12)"],"meta":{}},{"ancestorTitles":["formatters","formatDate"],"fullName":"formatters formatDate should format a timestamp number","status":"passed","title":"should format a timestamp number","duration":0.33770800000002055,"failureMessages":[],"meta":{}},{"ancestorTitles":["formatters","formatDate"],"fullName":"formatters formatDate should accept custom format string","status":"passed","title":"should accept custom format string","duration":0.17737499999998363,"failureMessages":[],"meta":{}},{"ancestorTitles":["formatters","formatDateTime"],"fullName":"formatters formatDateTime should format date and time","status":"failed","title":"should format date and time","duration":0.5972080000000233,"failureMessages":["AssertionError: expected 'Jun 15, 2025, 9:30 AM' to match /June 15/\n    at /Users/jacobstephens/Documents/Ally-ios/src/lib/formatters.test.ts:50:22\n    at file:///Users/jacobstephens/Documents/Ally-ios/node_modules/@vitest/runner/dist/index.js:145:11\n    at file:///Users/jacobstephens/Documents/Ally-ios/node_modules/@vitest/runner/dist/index.js:915:26\n    at file:///Users/jacobstephens/Documents/Ally-ios/node_modules/@vitest/runner/dist/index.js:1243:20\n    at new Promise (<anonymous>)\n    at runWithTimeout (file:///Users/jacobstephens/Documents/Ally-ios/node_modules/@vitest/runner/dist/index.js:1209:10)\n    at file:///Users/jacobstephens/Documents/Ally-ios/node_modules/@vitest/runner/dist/index.js:1653:37\n    at Traces.$ (file:///Users/jacobstephens/Documents/Ally-ios/node_modules/vitest/dist/chunks/traces.CCmnQaNT.js:142:27)\n    at trace (file:///Users/jacobstephens/Documents/Ally-ios/node_modules/vitest/dist/chunks/test.B8ej_ZHS.js:239:21)\n    at runTest (file:///Users/jacobstephens/Documents/Ally-ios/node_modules/@vitest/runner/dist/index.js:1653:12)"],"meta":{}},{"ancestorTitles":["formatters","formatDateShort"],"fullName":"formatters formatDateShort should format date in short format","status":"passed","title":"should format date in short format","duration":11.481833999999935,"failureMessages":[],"meta":{}},{"ancestorTitles":["formatters","formatTime"],"fullName":"formatters formatTime should format time portion of date","status":"passed","title":"should format time portion of date","duration":0.19900000000006912,"failureMessages":[],"meta":{}},{"ancestorTitles":["formatters","formatRelativeTime"],"fullName":"formatters formatRelativeTime should return empty string for null","status":"passed","title":"should return empty string for null","duration":0.06358299999999417,"failureMessages":[],"meta":{}},{"ancestorTitles":["formatters","formatRelativeTime"],"fullName":"formatters formatRelativeTime should return empty string for undefined","status":"passed","title":"should return empty string for undefined","duration":0.04166699999996126,"failureMessages":[],"meta":{}},{"ancestorTitles":["formatters","formatRelativeTime"],"fullName":"formatters formatRelativeTime should format recent date as relative","status":"passed","title":"should format recent date as relative","duration":0.3143750000000409,"failureMessages":[],"meta":{}},{"ancestorTitles":["formatters","formatRelativeTime"],"fullName":"formatters formatRelativeTime should format old date as relative","status":"passed","title":"should format old date as relative","duration":0.25804199999993216,"failureMessages":[],"meta":{}},{"ancestorTitles":["formatters","formatNumber"],"fullName":"formatters formatNumber should format integer","status":"passed","title":"should format integer","duration":4.42837499999996,"failureMessages":[],"meta":{}},{"ancestorTitles":["formatters","formatNumber"],"fullName":"formatters formatNumber should format decimal number","status":"passed","title":"should format decimal number","duration":0.2608339999999316,"failureMessages":[],"meta":{}},{"ancestorTitles":["formatters","formatNumber"],"fullName":"formatters formatNumber should accept options","status":"passed","title":"should accept options","duration":0.13308300000005602,"failureMessages":[],"meta":{}},{"ancestorTitles":["formatters","formatDecimal"],"fullName":"formatters formatDecimal should return empty string for null","status":"passed","title":"should return empty string for null","duration":0.15416700000002947,"failureMessages":[],"meta":{}},{"ancestorTitles":["formatters","formatDecimal"],"fullName":"formatters formatDecimal should return empty string for undefined","status":"passed","title":"should return empty string for undefined","duration":0.11870900000008078,"failureMessages":[],"meta":{}},{"ancestorTitles":["formatters","formatDecimal"],"fullName":"formatters formatDecimal should format with default 2 decimals","status":"passed","title":"should format with default 2 decimals","duration":0.1356670000000122,"failureMessages":[],"meta":{}},{"ancestorTitles":["formatters","formatDecimal"],"fullName":"formatters formatDecimal should format with custom decimal places","status":"passed","title":"should format with custom decimal places","duration":0.06629199999997581,"failureMessages":[],"meta":{}},{"ancestorTitles":["formatters","formatDecimal"],"fullName":"formatters formatDecimal should handle 0","status":"passed","title":"should handle 0","duration":0.04608300000006693,"failureMessages":[],"meta":{}},{"ancestorTitles":["formatters","formatDecimal"],"fullName":"formatters formatDecimal should handle negative numbers","status":"passed","title":"should handle negative numbers","duration":0.04120899999998073,"failureMessages":[],"meta":{}},{"ancestorTitles":["formatters","formatCurrency"],"fullName":"formatters formatCurrency should format USD by default","status":"passed","title":"should format USD by default","duration":0.3031670000000304,"failureMessages":[],"meta":{}},{"ancestorTitles":["formatters","formatCurrency"],"fullName":"formatters formatCurrency should format with different currency","status":"passed","title":"should format with different currency","duration":0.08670900000004167,"failureMessages":[],"meta":{}},{"ancestorTitles":["formatters","formatPercent"],"fullName":"formatters formatPercent should format decimal as percentage","status":"failed","title":"should format decimal as percentage","duration":1.2362080000000333,"failureMessages":["AssertionError: expected '1%' to be '75%' // Object.is equality\n    at /Users/jacobstephens/Documents/Ally-ios/src/lib/formatters.test.ts:153:35\n    at file:///Users/jacobstephens/Documents/Ally-ios/node_modules/@vitest/runner/dist/index.js:145:11\n    at file:///Users/jacobstephens/Documents/Ally-ios/node_modules/@vitest/runner/dist/index.js:915:26\n    at file:///Users/jacobstephens/Documents/Ally-ios/node_modules/@vitest/runner/dist/index.js:1243:20\n    at new Promise (<anonymous>)\n    at runWithTimeout (file:///Users/jacobstephens/Documents/Ally-ios/node_modules/@vitest/runner/dist/index.js:1209:10)\n    at file:///Users/jacobstephens/Documents/Ally-ios/node_modules/@vitest/runner/dist/index.js:1653:37\n    at Traces.$ (file:///Users/jacobstephens/Documents/Ally-ios/node_modules/vitest/dist/chunks/traces.CCmnQaNT.js:142:27)\n    at trace (file:///Users/jacobstephens/Documents/Ally-ios/node_modules/vitest/dist/chunks/test.B8ej_ZHS.js:239:21)\n    at runTest (file:///Users/jacobstephens/Documents/Ally-ios/node_modules/@vitest/runner/dist/index.js:1653:12)"],"meta":{}},{"ancestorTitles":["formatters","formatPercent"],"fullName":"formatters formatPercent should format with decimals","status":"failed","title":"should format with decimals","duration":1.36037500000009,"failureMessages":["AssertionError: expected '0.76%' to be '75.67%' // Object.is equality\n    at /Users/jacobstephens/Documents/Ally-ios/src/lib/formatters.test.ts:157:40\n    at file:///Users/jacobstephens/Documents/Ally-ios/node_modules/@vitest/runner/dist/index.js:145:11\n    at file:///Users/jacobstephens/Documents/Ally-ios/node_modules/@vitest/runner/dist/index.js:915:26\n    at file:///Users/jacobstephens/Documents/Ally-ios/node_modules/@vitest/runner/dist/index.js:1243:20\n    at new Promise (<anonymous>)\n    at runWithTimeout (file:///Users/jacobstephens/Documents/Ally-ios/node_modules/@vitest/runner/dist/index.js:1209:10)\n    at file:///Users/jacobstephens/Documents/Ally-ios/node_modules/@vitest/runner/dist/index.js:1653:37\n    at Traces.$ (file:///Users/jacobstephens/Documents/Ally-ios/node_modules/vitest/dist/chunks/traces.CCmnQaNT.js:142:27)\n    at trace (file:///Users/jacobstephens/Documents/Ally-ios/node_modules/vitest/dist/chunks/test.B8ej_ZHS.js:239:21)\n    at runTest (file:///Users/jacobstephens/Documents/Ally-ios/node_modules/@vitest/runner/dist/index.js:1653:12)"],"meta":{}},{"ancestorTitles":["formatters","formatPercent"],"fullName":"formatters formatPercent should handle 0","status":"passed","title":"should handle 0","duration":0.15916700000002493,"failureMessages":[],"meta":{}},{"ancestorTitles":["formatters","formatPercent"],"fullName":"formatters formatPercent should handle 1","status":"failed","title":"should handle 1","duration":0.46862499999997453,"failureMessages":["AssertionError: expected '1%' to be '100%' // Object.is equality\n    at /Users/jacobstephens/Documents/Ally-ios/src/lib/formatters.test.ts:165:32\n    at file:///Users/jacobstephens/Documents/Ally-ios/node_modules/@vitest/runner/dist/index.js:145:11\n    at file:///Users/jacobstephens/Documents/Ally-ios/node_modules/@vitest/runner/dist/index.js:915:26\n    at file:///Users/jacobstephens/Documents/Ally-ios/node_modules/@vitest/runner/dist/index.js:1243:20\n    at new Promise (<anonymous>)\n    at runWithTimeout (file:///Users/jacobstephens/Documents/Ally-ios/node_modules/@vitest/runner/dist/index.js:1209:10)\n    at file:///Users/jacobstephens/Documents/Ally-ios/node_modules/@vitest/runner/dist/index.js:1653:37\n    at Traces.$ (file:///Users/jacobstephens/Documents/Ally-ios/node_modules/vitest/dist/chunks/traces.CCmnQaNT.js:142:27)\n    at trace (file:///Users/jacobstephens/Documents/Ally-ios/node_modules/vitest/dist/chunks/test.B8ej_ZHS.js:239:21)\n    at runTest (file:///Users/jacobstephens/Documents/Ally-ios/node_modules/@vitest/runner/dist/index.js:1653:12)"],"meta":{}},{"ancestorTitles":["formatters","formatUnit"],"fullName":"formatters formatUnit should format value with unit","status":"passed","title":"should format value with unit","duration":0.06991599999992104,"failureMessages":[],"meta":{}},{"ancestorTitles":["formatters","formatUnit"],"fullName":"formatters formatUnit should format decimal value with unit","status":"passed","title":"should format decimal value with unit","duration":0.04358300000001236,"failureMessages":[],"meta":{}}],"startTime":1770386647814,"endTime":1770386647842.4685,"status":"failed","message":"","name":"/Users/jacobstephens/Documents/Ally-ios/src/lib/formatters.test.ts"},{"assertionResults":[{"ancestorTitles":["queryKeys factory","aquariums"],"fullName":"queryKeys factory aquariums should have base key","status":"passed","title":"should have base key","duration":0.7089590000000499,"failureMessages":[],"meta":{}},{"ancestorTitles":["queryKeys factory","aquariums"],"fullName":"queryKeys factory aquariums should generate list key with userId","status":"passed","title":"should generate list key with userId","duration":0.09104199999995899,"failureMessages":[],"meta":{}},{"ancestorTitles":["queryKeys factory","aquariums"],"fullName":"queryKeys factory aquariums should generate detail key with id","status":"passed","title":"should generate detail key with id","duration":0.06150000000002365,"failureMessages":[],"meta":{}},{"ancestorTitles":["queryKeys factory","aquariums"],"fullName":"queryKeys factory aquariums should generate withTasks key","status":"passed","title":"should generate withTasks key","duration":0.08962499999995543,"failureMessages":[],"meta":{}},{"ancestorTitles":["queryKeys factory","aquariums"],"fullName":"queryKeys factory aquariums should generate withEquipment key","status":"passed","title":"should generate withEquipment key","duration":0.06816700000001674,"failureMessages":[],"meta":{}},{"ancestorTitles":["queryKeys factory","waterTests"],"fullName":"queryKeys factory waterTests should have base key","status":"passed","title":"should have base key","duration":0.052666999999985364,"failureMessages":[],"meta":{}},{"ancestorTitles":["queryKeys factory","waterTests"],"fullName":"queryKeys factory waterTests should generate list key with aquariumId","status":"passed","title":"should generate list key with aquariumId","duration":0.04554200000001174,"failureMessages":[],"meta":{}},{"ancestorTitles":["queryKeys factory","waterTests"],"fullName":"queryKeys factory waterTests should generate latest key with aquariumId","status":"passed","title":"should generate latest key with aquariumId","duration":0.04566699999998036,"failureMessages":[],"meta":{}},{"ancestorTitles":["queryKeys factory","waterTests"],"fullName":"queryKeys factory waterTests should generate charts key with aquariumId and dateRange","status":"passed","title":"should generate charts key with aquariumId and dateRange","duration":0.05124999999998181,"failureMessages":[],"meta":{}},{"ancestorTitles":["queryKeys factory","waterTests"],"fullName":"queryKeys factory waterTests should generate detail key with id","status":"passed","title":"should generate detail key with id","duration":0.06333300000000008,"failureMessages":[],"meta":{}},{"ancestorTitles":["queryKeys factory","waterTests"],"fullName":"queryKeys factory waterTests should generate templates key","status":"passed","title":"should generate templates key","duration":0.04733299999998053,"failureMessages":[],"meta":{}},{"ancestorTitles":["queryKeys factory","waterTests"],"fullName":"queryKeys factory waterTests should generate monthlyCount key","status":"passed","title":"should generate monthlyCount key","duration":0.05170799999996234,"failureMessages":[],"meta":{}},{"ancestorTitles":["queryKeys factory","tasks"],"fullName":"queryKeys factory tasks should have base key","status":"passed","title":"should have base key","duration":0.05604199999999082,"failureMessages":[],"meta":{}},{"ancestorTitles":["queryKeys factory","tasks"],"fullName":"queryKeys factory tasks should generate list key with aquariumId","status":"passed","title":"should generate list key with aquariumId","duration":0.04400000000003956,"failureMessages":[],"meta":{}},{"ancestorTitles":["queryKeys factory","tasks"],"fullName":"queryKeys factory tasks should generate calendar key with month","status":"passed","title":"should generate calendar key with month","duration":0.03762499999999136,"failureMessages":[],"meta":{}},{"ancestorTitles":["queryKeys factory","tasks"],"fullName":"queryKeys factory tasks should generate upcomingForAquarium key with aquariumId","status":"passed","title":"should generate upcomingForAquarium key with aquariumId","duration":0.03304200000002311,"failureMessages":[],"meta":{}},{"ancestorTitles":["queryKeys factory","tasks"],"fullName":"queryKeys factory tasks should generate detail key with id","status":"passed","title":"should generate detail key with id","duration":0.02887500000002774,"failureMessages":[],"meta":{}},{"ancestorTitles":["queryKeys factory","tasks"],"fullName":"queryKeys factory tasks should have dashboardCount key","status":"passed","title":"should have dashboardCount key","duration":0.024666999999965356,"failureMessages":[],"meta":{}},{"ancestorTitles":["queryKeys factory","equipment"],"fullName":"queryKeys factory equipment should have base key","status":"passed","title":"should have base key","duration":0.024541999999996733,"failureMessages":[],"meta":{}},{"ancestorTitles":["queryKeys factory","equipment"],"fullName":"queryKeys factory equipment should generate list key with aquariumId","status":"passed","title":"should generate list key with aquariumId","duration":0.028333999999972548,"failureMessages":[],"meta":{}},{"ancestorTitles":["queryKeys factory","equipment"],"fullName":"queryKeys factory equipment should generate count key with aquariumId","status":"passed","title":"should generate count key with aquariumId","duration":0.028332999999975073,"failureMessages":[],"meta":{}},{"ancestorTitles":["queryKeys factory","equipment"],"fullName":"queryKeys factory equipment should generate detail key with id","status":"passed","title":"should generate detail key with id","duration":0.032833999999979824,"failureMessages":[],"meta":{}},{"ancestorTitles":["queryKeys factory","livestock"],"fullName":"queryKeys factory livestock should have base key","status":"passed","title":"should have base key","duration":0.02612499999997908,"failureMessages":[],"meta":{}},{"ancestorTitles":["queryKeys factory","livestock"],"fullName":"queryKeys factory livestock should generate list key with aquariumId","status":"passed","title":"should generate list key with aquariumId","duration":0.037082999999995536,"failureMessages":[],"meta":{}},{"ancestorTitles":["queryKeys factory","livestock"],"fullName":"queryKeys factory livestock should generate detail key with id","status":"passed","title":"should generate detail key with id","duration":0.032417000000009466,"failureMessages":[],"meta":{}},{"ancestorTitles":["queryKeys factory","plants"],"fullName":"queryKeys factory plants should have base key","status":"passed","title":"should have base key","duration":0.027999999999963165,"failureMessages":[],"meta":{}},{"ancestorTitles":["queryKeys factory","plants"],"fullName":"queryKeys factory plants should generate list key with aquariumId","status":"passed","title":"should generate list key with aquariumId","duration":0.02887500000002774,"failureMessages":[],"meta":{}},{"ancestorTitles":["queryKeys factory","plants"],"fullName":"queryKeys factory plants should generate detail key with id","status":"passed","title":"should generate detail key with id","duration":0.03254099999998061,"failureMessages":[],"meta":{}},{"ancestorTitles":["queryKeys factory","chat"],"fullName":"queryKeys factory chat should have base key","status":"passed","title":"should have base key","duration":0.02549999999996544,"failureMessages":[],"meta":{}},{"ancestorTitles":["queryKeys factory","chat"],"fullName":"queryKeys factory chat should generate conversations key with userId","status":"passed","title":"should generate conversations key with userId","duration":0.027708000000018274,"failureMessages":[],"meta":{}},{"ancestorTitles":["queryKeys factory","chat"],"fullName":"queryKeys factory chat should generate messages key with conversationId","status":"passed","title":"should generate messages key with conversationId","duration":0.02645799999999099,"failureMessages":[],"meta":{}},{"ancestorTitles":["queryKeys factory","chat"],"fullName":"queryKeys factory chat should generate conversation key with id","status":"passed","title":"should generate conversation key with id","duration":0.03454099999999016,"failureMessages":[],"meta":{}},{"ancestorTitles":["queryKeys factory","user"],"fullName":"queryKeys factory user should generate profile key with userId","status":"passed","title":"should generate profile key with userId","duration":0.02933300000000827,"failureMessages":[],"meta":{}},{"ancestorTitles":["queryKeys factory","user"],"fullName":"queryKeys factory user should generate roles key with userId","status":"passed","title":"should generate roles key with userId","duration":0.026624999999967258,"failureMessages":[],"meta":{}},{"ancestorTitles":["queryKeys factory","user"],"fullName":"queryKeys factory user should generate notifications key with userId","status":"passed","title":"should generate notifications key with userId","duration":0.024499999999989086,"failureMessages":[],"meta":{}},{"ancestorTitles":["queryKeys factory","user"],"fullName":"queryKeys factory user should generate memories key with userId","status":"passed","title":"should generate memories key with userId","duration":0.024666000000024724,"failureMessages":[],"meta":{}},{"ancestorTitles":["queryKeys factory","admin"],"fullName":"queryKeys factory admin should have users key","status":"passed","title":"should have users key","duration":0.022416999999961718,"failureMessages":[],"meta":{}},{"ancestorTitles":["queryKeys factory","admin"],"fullName":"queryKeys factory admin should generate userDetail key with id","status":"passed","title":"should generate userDetail key with id","duration":0.026250000000004547,"failureMessages":[],"meta":{}},{"ancestorTitles":["queryKeys factory","admin"],"fullName":"queryKeys factory admin should have waitlist key","status":"passed","title":"should have waitlist key","duration":0.021208000000001448,"failureMessages":[],"meta":{}},{"ancestorTitles":["queryKeys factory","admin"],"fullName":"queryKeys factory admin should have tickets key","status":"passed","title":"should have tickets key","duration":0.021957999999983713,"failureMessages":[],"meta":{}},{"ancestorTitles":["queryKeys factory","admin"],"fullName":"queryKeys factory admin should generate ticketDetail key with id","status":"passed","title":"should generate ticketDetail key with id","duration":0.03533399999997755,"failureMessages":[],"meta":{}},{"ancestorTitles":["queryKeys factory","admin"],"fullName":"queryKeys factory admin should have announcements key","status":"passed","title":"should have announcements key","duration":0.021208000000001448,"failureMessages":[],"meta":{}},{"ancestorTitles":["queryKeys factory","admin"],"fullName":"queryKeys factory admin should have blogPosts key","status":"passed","title":"should have blogPosts key","duration":0.021583999999961634,"failureMessages":[],"meta":{}},{"ancestorTitles":["queryKeys factory","admin"],"fullName":"queryKeys factory admin should generate blogPost key with id","status":"passed","title":"should generate blogPost key with id","duration":0.025417000000004464,"failureMessages":[],"meta":{}},{"ancestorTitles":["queryKeys factory","admin"],"fullName":"queryKeys factory admin should generate activityLogs key with userId","status":"passed","title":"should generate activityLogs key with userId","duration":0.0262079999999969,"failureMessages":[],"meta":{}},{"ancestorTitles":["queryKeys factory","blog"],"fullName":"queryKeys factory blog should have posts key","status":"passed","title":"should have posts key","duration":0.022333000000003267,"failureMessages":[],"meta":{}},{"ancestorTitles":["queryKeys factory","blog"],"fullName":"queryKeys factory blog should generate post key with slug","status":"passed","title":"should generate post key with slug","duration":0.025500000000022283,"failureMessages":[],"meta":{}},{"ancestorTitles":["queryKeys factory","blog"],"fullName":"queryKeys factory blog should have categories key","status":"passed","title":"should have categories key","duration":0.02400000000000091,"failureMessages":[],"meta":{}}],"startTime":1770386651429,"endTime":1770386651432.0354,"status":"passed","message":"","name":"/Users/jacobstephens/Documents/Ally-ios/src/lib/queryKeys.test.ts"},{"assertionResults":[{"ancestorTitles":["sessionUtils","ensureFreshSession"],"fullName":"sessionUtils ensureFreshSession should not refresh when session exists and is valid","status":"passed","title":"should not refresh when session exists and is valid","duration":0.9440000000000737,"failureMessages":[],"meta":{}},{"ancestorTitles":["sessionUtils","ensureFreshSession"],"fullName":"sessionUtils ensureFreshSession should refresh when no session exists (iOS PWA case)","status":"passed","title":"should refresh when no session exists (iOS PWA case)","duration":0.529207999999926,"failureMessages":[],"meta":{}},{"ancestorTitles":["sessionUtils","ensureFreshSession"],"fullName":"sessionUtils ensureFreshSession should refresh when session is about to expire (within 60 seconds)","status":"passed","title":"should refresh when session is about to expire (within 60 seconds)","duration":0.1638749999999618,"failureMessages":[],"meta":{}},{"ancestorTitles":["sessionUtils","ensureFreshSession"],"fullName":"sessionUtils ensureFreshSession should not refresh when session has more than 60 seconds remaining","status":"passed","title":"should not refresh when session has more than 60 seconds remaining","duration":0.08933300000001054,"failureMessages":[],"meta":{}},{"ancestorTitles":["sessionUtils","ensureFreshSession"],"fullName":"sessionUtils ensureFreshSession should attempt refresh when getSession returns error","status":"passed","title":"should attempt refresh when getSession returns error","duration":0.18333400000005895,"failureMessages":[],"meta":{}},{"ancestorTitles":["sessionUtils","ensureFreshSession"],"fullName":"sessionUtils ensureFreshSession should not throw when refresh fails","status":"passed","title":"should not throw when refresh fails","duration":0.38504199999999855,"failureMessages":[],"meta":{}},{"ancestorTitles":["sessionUtils","ensureFreshSession"],"fullName":"sessionUtils ensureFreshSession should handle unexpected errors gracefully","status":"passed","title":"should handle unexpected errors gracefully","duration":1.4045419999999922,"failureMessages":[],"meta":{}},{"ancestorTitles":["sessionUtils","ensureFreshSession"],"fullName":"sessionUtils ensureFreshSession should handle session without expires_at","status":"passed","title":"should handle session without expires_at","duration":0.14616699999999128,"failureMessages":[],"meta":{}},{"ancestorTitles":["sessionUtils","isIOSPWA"],"fullName":"sessionUtils isIOSPWA should return false when window is undefined (SSR)","status":"passed","title":"should return false when window is undefined (SSR)","duration":0.45345800000006875,"failureMessages":[],"meta":{}},{"ancestorTitles":["sessionUtils","isIOSPWA"],"fullName":"sessionUtils isIOSPWA should return true when navigator.standalone is true (iOS Safari PWA)","status":"passed","title":"should return true when navigator.standalone is true (iOS Safari PWA)","duration":0.5099999999999909,"failureMessages":[],"meta":{}},{"ancestorTitles":["sessionUtils","isIOSPWA"],"fullName":"sessionUtils isIOSPWA should return true when display-mode is standalone","status":"passed","title":"should return true when display-mode is standalone","duration":0.11720800000000509,"failureMessages":[],"meta":{}},{"ancestorTitles":["sessionUtils","isIOSPWA"],"fullName":"sessionUtils isIOSPWA should return false when not in PWA mode","status":"passed","title":"should return false when not in PWA mode","duration":0.07408400000008442,"failureMessages":[],"meta":{}},{"ancestorTitles":["sessionUtils","getSession"],"fullName":"sessionUtils getSession should return session data without refreshing","status":"passed","title":"should return session data without refreshing","duration":0.3139579999999569,"failureMessages":[],"meta":{}},{"ancestorTitles":["sessionUtils","getCurrentUser"],"fullName":"sessionUtils getCurrentUser should return user when session exists","status":"passed","title":"should return user when session exists","duration":0.08183299999996052,"failureMessages":[],"meta":{}},{"ancestorTitles":["sessionUtils","getCurrentUser"],"fullName":"sessionUtils getCurrentUser should return null when no session exists","status":"passed","title":"should return null when no session exists","duration":0.06779199999994034,"failureMessages":[],"meta":{}}],"startTime":1770386650627,"endTime":1770386650633.0818,"status":"passed","message":"","name":"/Users/jacobstephens/Documents/Ally-ios/src/lib/sessionUtils.test.ts"},{"assertionResults":[{"ancestorTitles":["toast helper"],"fullName":"toast helper enforces fallback dismissal for finite toasts","status":"passed","title":"enforces fallback dismissal for finite toasts","duration":4.4061249999999745,"failureMessages":[],"meta":{}},{"ancestorTitles":["toast helper"],"fullName":"toast helper does not schedule fallback dismissal for loading toasts","status":"passed","title":"does not schedule fallback dismissal for loading toasts","duration":0.32637499999998454,"failureMessages":[],"meta":{}}],"startTime":1770386651245,"endTime":1770386651250.3264,"status":"passed","message":"","name":"/Users/jacobstephens/Documents/Ally-ios/src/lib/toast.test.ts"},{"assertionResults":[{"ancestorTitles":["Temperature Conversions","celsiusToFahrenheit"],"fullName":"Temperature Conversions celsiusToFahrenheit should convert 0°C to 32°F","status":"passed","title":"should convert 0°C to 32°F","duration":0.6692090000000235,"failureMessages":[],"meta":{}},{"ancestorTitles":["Temperature Conversions","celsiusToFahrenheit"],"fullName":"Temperature Conversions celsiusToFahrenheit should convert 100°C to 212°F","status":"passed","title":"should convert 100°C to 212°F","duration":0.07054200000004585,"failureMessages":[],"meta":{}},{"ancestorTitles":["Temperature Conversions","celsiusToFahrenheit"],"fullName":"Temperature Conversions celsiusToFahrenheit should convert 25°C to 77°F","status":"passed","title":"should convert 25°C to 77°F","duration":0.04316700000003948,"failureMessages":[],"meta":{}},{"ancestorTitles":["Temperature Conversions","celsiusToFahrenheit"],"fullName":"Temperature Conversions celsiusToFahrenheit should handle negative temperatures","status":"passed","title":"should handle negative temperatures","duration":0.05116699999996399,"failureMessages":[],"meta":{}},{"ancestorTitles":["Temperature Conversions","fahrenheitToCelsius"],"fullName":"Temperature Conversions fahrenheitToCelsius should convert 32°F to 0°C","status":"passed","title":"should convert 32°F to 0°C","duration":0.06233299999996689,"failureMessages":[],"meta":{}},{"ancestorTitles":["Temperature Conversions","fahrenheitToCelsius"],"fullName":"Temperature Conversions fahrenheitToCelsius should convert 212°F to 100°C","status":"passed","title":"should convert 212°F to 100°C","duration":0.040667000000098597,"failureMessages":[],"meta":{}},{"ancestorTitles":["Temperature Conversions","fahrenheitToCelsius"],"fullName":"Temperature Conversions fahrenheitToCelsius should convert 77°F to 25°C","status":"passed","title":"should convert 77°F to 25°C","duration":0.03129200000000765,"failureMessages":[],"meta":{}},{"ancestorTitles":["Temperature Conversions","fahrenheitToCelsius"],"fullName":"Temperature Conversions fahrenheitToCelsius should handle -40 (same in both scales)","status":"passed","title":"should handle -40 (same in both scales)","duration":0.03845899999998892,"failureMessages":[],"meta":{}},{"ancestorTitles":["Temperature Conversions","formatTemperature"],"fullName":"Temperature Conversions formatTemperature should return empty string for null","status":"passed","title":"should return empty string for null","duration":0.06729199999995217,"failureMessages":[],"meta":{}},{"ancestorTitles":["Temperature Conversions","formatTemperature"],"fullName":"Temperature Conversions formatTemperature should return empty string for undefined","status":"passed","title":"should return empty string for undefined","duration":0.05374999999992269,"failureMessages":[],"meta":{}},{"ancestorTitles":["Temperature Conversions","formatTemperature"],"fullName":"Temperature Conversions formatTemperature should format Fahrenheit stored value to Celsius in metric","status":"passed","title":"should format Fahrenheit stored value to Celsius in metric","duration":11.38879200000008,"failureMessages":[],"meta":{}},{"ancestorTitles":["Temperature Conversions","formatTemperature"],"fullName":"Temperature Conversions formatTemperature should format Fahrenheit stored value to Fahrenheit in imperial","status":"passed","title":"should format Fahrenheit stored value to Fahrenheit in imperial","duration":0.4006249999999909,"failureMessages":[],"meta":{}},{"ancestorTitles":["Temperature Conversions","formatTemperature"],"fullName":"Temperature Conversions formatTemperature should format Celsius stored value to Fahrenheit in imperial","status":"passed","title":"should format Celsius stored value to Fahrenheit in imperial","duration":0.28499999999996817,"failureMessages":[],"meta":{}},{"ancestorTitles":["Temperature Conversions","formatTemperature"],"fullName":"Temperature Conversions formatTemperature should format Celsius stored value to Celsius in metric","status":"passed","title":"should format Celsius stored value to Celsius in metric","duration":0.15899999999999181,"failureMessages":[],"meta":{}},{"ancestorTitles":["Temperature Conversions","formatTemperature"],"fullName":"Temperature Conversions formatTemperature should default to imperial when units is null","status":"passed","title":"should default to imperial when units is null","duration":0.12625000000002728,"failureMessages":[],"meta":{}},{"ancestorTitles":["Volume Conversions","gallonsToLiters"],"fullName":"Volume Conversions gallonsToLiters should convert 1 gallon to 3.78541 liters","status":"passed","title":"should convert 1 gallon to 3.78541 liters","duration":0.18012499999997544,"failureMessages":[],"meta":{}},{"ancestorTitles":["Volume Conversions","gallonsToLiters"],"fullName":"Volume Conversions gallonsToLiters should convert 10 gallons to 37.8541 liters","status":"passed","title":"should convert 10 gallons to 37.8541 liters","duration":0.06183299999997871,"failureMessages":[],"meta":{}},{"ancestorTitles":["Volume Conversions","gallonsToLiters"],"fullName":"Volume Conversions gallonsToLiters should handle 0","status":"passed","title":"should handle 0","duration":0.05170799999996234,"failureMessages":[],"meta":{}},{"ancestorTitles":["Volume Conversions","litersToGallons"],"fullName":"Volume Conversions litersToGallons should convert 3.78541 liters to 1 gallon","status":"passed","title":"should convert 3.78541 liters to 1 gallon","duration":0.07170800000005784,"failureMessages":[],"meta":{}},{"ancestorTitles":["Volume Conversions","litersToGallons"],"fullName":"Volume Conversions litersToGallons should convert 100 liters to ~26.42 gallons","status":"passed","title":"should convert 100 liters to ~26.42 gallons","duration":0.23883299999999963,"failureMessages":[],"meta":{}},{"ancestorTitles":["Volume Conversions","formatVolume"],"fullName":"Volume Conversions formatVolume should return empty string for null","status":"passed","title":"should return empty string for null","duration":0.13770800000008876,"failureMessages":[],"meta":{}},{"ancestorTitles":["Volume Conversions","formatVolume"],"fullName":"Volume Conversions formatVolume should format gallons to liters in metric","status":"passed","title":"should format gallons to liters in metric","duration":0.22783400000002985,"failureMessages":[],"meta":{}},{"ancestorTitles":["Volume Conversions","formatVolume"],"fullName":"Volume Conversions formatVolume should format gallons to gallons in imperial","status":"passed","title":"should format gallons to gallons in imperial","duration":0.2027500000000373,"failureMessages":[],"meta":{}},{"ancestorTitles":["Volume Conversions","formatVolume"],"fullName":"Volume Conversions formatVolume should default to imperial when units is null","status":"passed","title":"should default to imperial when units is null","duration":0.13591700000006313,"failureMessages":[],"meta":{}},{"ancestorTitles":["Length Conversions","inchesToCentimeters"],"fullName":"Length Conversions inchesToCentimeters should convert 1 inch to 2.54 cm","status":"passed","title":"should convert 1 inch to 2.54 cm","duration":0.12145799999996143,"failureMessages":[],"meta":{}},{"ancestorTitles":["Length Conversions","inchesToCentimeters"],"fullName":"Length Conversions inchesToCentimeters should convert 12 inches to 30.48 cm","status":"passed","title":"should convert 12 inches to 30.48 cm","duration":0.12254200000006676,"failureMessages":[],"meta":{}},{"ancestorTitles":["Length Conversions","centimetersToInches"],"fullName":"Length Conversions centimetersToInches should convert 2.54 cm to 1 inch","status":"passed","title":"should convert 2.54 cm to 1 inch","duration":0.08104100000002745,"failureMessages":[],"meta":{}},{"ancestorTitles":["Length Conversions","centimetersToInches"],"fullName":"Length Conversions centimetersToInches should convert 100 cm to ~39.37 inches","status":"passed","title":"should convert 100 cm to ~39.37 inches","duration":0.07662500000003547,"failureMessages":[],"meta":{}},{"ancestorTitles":["Length Conversions","formatLength"],"fullName":"Length Conversions formatLength should return empty string for null","status":"passed","title":"should return empty string for null","duration":0.10187499999994998,"failureMessages":[],"meta":{}},{"ancestorTitles":["Length Conversions","formatLength"],"fullName":"Length Conversions formatLength should format inches to centimeters in metric","status":"passed","title":"should format inches to centimeters in metric","duration":0.16562499999997726,"failureMessages":[],"meta":{}},{"ancestorTitles":["Length Conversions","formatLength"],"fullName":"Length Conversions formatLength should format inches to inches in imperial","status":"passed","title":"should format inches to inches in imperial","duration":0.15075000000001637,"failureMessages":[],"meta":{}},{"ancestorTitles":["formatParameter"],"fullName":"formatParameter should return dash for null value","status":"passed","title":"should return dash for null value","duration":0.11520800000005238,"failureMessages":[],"meta":{}},{"ancestorTitles":["formatParameter"],"fullName":"formatParameter should return dash for undefined value","status":"passed","title":"should return dash for undefined value","duration":0.04795899999999165,"failureMessages":[],"meta":{}},{"ancestorTitles":["formatParameter"],"fullName":"formatParameter should return dash for NaN value","status":"passed","title":"should return dash for NaN value","duration":0.04754200000002129,"failureMessages":[],"meta":{}},{"ancestorTitles":["formatParameter"],"fullName":"formatParameter should format temperature with °F unit","status":"passed","title":"should format temperature with °F unit","duration":0.09712500000000546,"failureMessages":[],"meta":{}},{"ancestorTitles":["formatParameter"],"fullName":"formatParameter should format temperature with F unit","status":"passed","title":"should format temperature with F unit","duration":0.08095900000000711,"failureMessages":[],"meta":{}},{"ancestorTitles":["formatParameter"],"fullName":"formatParameter should format volume with gal unit","status":"passed","title":"should format volume with gal unit","duration":0.07825000000002547,"failureMessages":[],"meta":{}},{"ancestorTitles":["formatParameter"],"fullName":"formatParameter should format length with in unit","status":"passed","title":"should format length with in unit","duration":0.07349999999996726,"failureMessages":[],"meta":{}},{"ancestorTitles":["formatParameter"],"fullName":"formatParameter should format non-convertible units with value and unit","status":"passed","title":"should format non-convertible units with value and unit","duration":0.07987500000001546,"failureMessages":[],"meta":{}},{"ancestorTitles":["formatParameter"],"fullName":"formatParameter should format ppm values","status":"passed","title":"should format ppm values","duration":0.08020799999997053,"failureMessages":[],"meta":{}},{"ancestorTitles":["Unit Label Helpers","getTemperatureUnit"],"fullName":"Unit Label Helpers getTemperatureUnit should return °C for metric","status":"passed","title":"should return °C for metric","duration":0.06841699999995399,"failureMessages":[],"meta":{}},{"ancestorTitles":["Unit Label Helpers","getTemperatureUnit"],"fullName":"Unit Label Helpers getTemperatureUnit should return °F for imperial","status":"passed","title":"should return °F for imperial","duration":0.04566699999998036,"failureMessages":[],"meta":{}},{"ancestorTitles":["Unit Label Helpers","getTemperatureUnit"],"fullName":"Unit Label Helpers getTemperatureUnit should return °F for null","status":"passed","title":"should return °F for null","duration":0.04437499999994543,"failureMessages":[],"meta":{}},{"ancestorTitles":["Unit Label Helpers","getVolumeUnit"],"fullName":"Unit Label Helpers getVolumeUnit should return L for metric","status":"passed","title":"should return L for metric","duration":0.0588750000000573,"failureMessages":[],"meta":{}},{"ancestorTitles":["Unit Label Helpers","getVolumeUnit"],"fullName":"Unit Label Helpers getVolumeUnit should return gal for imperial","status":"passed","title":"should return gal for imperial","duration":0.04499999999995907,"failureMessages":[],"meta":{}},{"ancestorTitles":["Unit Label Helpers","getVolumeUnit"],"fullName":"Unit Label Helpers getVolumeUnit should return gal for null","status":"passed","title":"should return gal for null","duration":0.04425000000003365,"failureMessages":[],"meta":{}},{"ancestorTitles":["Unit Label Helpers","getLengthUnit"],"fullName":"Unit Label Helpers getLengthUnit should return cm for metric","status":"passed","title":"should return cm for metric","duration":0.06033399999989797,"failureMessages":[],"meta":{}},{"ancestorTitles":["Unit Label Helpers","getLengthUnit"],"fullName":"Unit Label Helpers getLengthUnit should return in for imperial","status":"passed","title":"should return in for imperial","duration":0.0584999999999809,"failureMessages":[],"meta":{}},{"ancestorTitles":["Unit Label Helpers","getLengthUnit"],"fullName":"Unit Label Helpers getLengthUnit should return in for null","status":"passed","title":"should return in for null","duration":0.043833000000063294,"failureMessages":[],"meta":{}}],"startTime":1770386650378,"endTime":1770386650396.0586,"status":"passed","message":"","name":"/Users/jacobstephens/Documents/Ally-ios/src/lib/unitConversions.test.ts"},{"assertionResults":[{"ancestorTitles":["cn (classNames utility)"],"fullName":"cn (classNames utility) should merge class names","status":"passed","title":"should merge class names","duration":3.3265409999999633,"failureMessages":[],"meta":{}},{"ancestorTitles":["cn (classNames utility)"],"fullName":"cn (classNames utility) should handle conditional classes","status":"passed","title":"should handle conditional classes","duration":0.2325829999999769,"failureMessages":[],"meta":{}},{"ancestorTitles":["cn (classNames utility)"],"fullName":"cn (classNames utility) should handle undefined and null","status":"passed","title":"should handle undefined and null","duration":0.09354200000001356,"failureMessages":[],"meta":{}},{"ancestorTitles":["cn (classNames utility)"],"fullName":"cn (classNames utility) should merge Tailwind classes correctly","status":"passed","title":"should merge Tailwind classes correctly","duration":0.4869580000000724,"failureMessages":[],"meta":{}},{"ancestorTitles":["cn (classNames utility)"],"fullName":"cn (classNames utility) should handle array of classes","status":"passed","title":"should handle array of classes","duration":0.09004200000003948,"failureMessages":[],"meta":{}},{"ancestorTitles":["cn (classNames utility)"],"fullName":"cn (classNames utility) should handle object syntax","status":"passed","title":"should handle object syntax","duration":0.056958000000008724,"failureMessages":[],"meta":{}},{"ancestorTitles":["sanitizeInput"],"fullName":"sanitizeInput should trim whitespace","status":"passed","title":"should trim whitespace","duration":0.45404100000007475,"failureMessages":[],"meta":{}},{"ancestorTitles":["sanitizeInput"],"fullName":"sanitizeInput should remove HTML tags","status":"passed","title":"should remove HTML tags","duration":0.14154099999996106,"failureMessages":[],"meta":{}},{"ancestorTitles":["sanitizeInput"],"fullName":"sanitizeInput should remove script tags and content","status":"failed","title":"should remove script tags and content","duration":3.266750000000002,"failureMessages":["AssertionError: expected 'alert(\"xss\")hello' to be 'hello' // Object.is equality\n    at /Users/jacobstephens/Documents/Ally-ios/src/lib/utils.test.ts:40:65\n    at file:///Users/jacobstephens/Documents/Ally-ios/node_modules/@vitest/runner/dist/index.js:145:11\n    at file:///Users/jacobstephens/Documents/Ally-ios/node_modules/@vitest/runner/dist/index.js:915:26\n    at file:///Users/jacobstephens/Documents/Ally-ios/node_modules/@vitest/runner/dist/index.js:1243:20\n    at new Promise (<anonymous>)\n    at runWithTimeout (file:///Users/jacobstephens/Documents/Ally-ios/node_modules/@vitest/runner/dist/index.js:1209:10)\n    at file:///Users/jacobstephens/Documents/Ally-ios/node_modules/@vitest/runner/dist/index.js:1653:37\n    at Traces.$ (file:///Users/jacobstephens/Documents/Ally-ios/node_modules/vitest/dist/chunks/traces.CCmnQaNT.js:142:27)\n    at trace (file:///Users/jacobstephens/Documents/Ally-ios/node_modules/vitest/dist/chunks/test.B8ej_ZHS.js:239:21)\n    at runTest (file:///Users/jacobstephens/Documents/Ally-ios/node_modules/@vitest/runner/dist/index.js:1653:12)"],"meta":{}},{"ancestorTitles":["sanitizeInput"],"fullName":"sanitizeInput should remove javascript: protocol","status":"passed","title":"should remove javascript: protocol","duration":0.20837500000004638,"failureMessages":[],"meta":{}},{"ancestorTitles":["sanitizeInput"],"fullName":"sanitizeInput should remove data: protocol","status":"passed","title":"should remove data: protocol","duration":0.11800000000005184,"failureMessages":[],"meta":{}},{"ancestorTitles":["sanitizeInput"],"fullName":"sanitizeInput should remove vbscript: protocol","status":"passed","title":"should remove vbscript: protocol","duration":0.04633400000000165,"failureMessages":[],"meta":{}},{"ancestorTitles":["sanitizeInput"],"fullName":"sanitizeInput should remove null bytes","status":"failed","title":"should remove null bytes","duration":0.49225000000001273,"failureMessages":["AssertionError: expected 'helloworld' to be 'hello world' // Object.is equality\n    at /Users/jacobstephens/Documents/Ally-ios/src/lib/utils.test.ts:56:43\n    at file:///Users/jacobstephens/Documents/Ally-ios/node_modules/@vitest/runner/dist/index.js:145:11\n    at file:///Users/jacobstephens/Documents/Ally-ios/node_modules/@vitest/runner/dist/index.js:915:26\n    at file:///Users/jacobstephens/Documents/Ally-ios/node_modules/@vitest/runner/dist/index.js:1243:20\n    at new Promise (<anonymous>)\n    at runWithTimeout (file:///Users/jacobstephens/Documents/Ally-ios/node_modules/@vitest/runner/dist/index.js:1209:10)\n    at file:///Users/jacobstephens/Documents/Ally-ios/node_modules/@vitest/runner/dist/index.js:1653:37\n    at Traces.$ (file:///Users/jacobstephens/Documents/Ally-ios/node_modules/vitest/dist/chunks/traces.CCmnQaNT.js:142:27)\n    at trace (file:///Users/jacobstephens/Documents/Ally-ios/node_modules/vitest/dist/chunks/test.B8ej_ZHS.js:239:21)\n    at runTest (file:///Users/jacobstephens/Documents/Ally-ios/node_modules/@vitest/runner/dist/index.js:1653:12)"],"meta":{}},{"ancestorTitles":["sanitizeInput"],"fullName":"sanitizeInput should normalize whitespace","status":"passed","title":"should normalize whitespace","duration":0.09187499999995907,"failureMessages":[],"meta":{}},{"ancestorTitles":["sanitizeInput"],"fullName":"sanitizeInput should handle empty string","status":"passed","title":"should handle empty string","duration":0.038291999999955806,"failureMessages":[],"meta":{}},{"ancestorTitles":["sanitizeInput"],"fullName":"sanitizeInput should handle string with only whitespace","status":"passed","title":"should handle string with only whitespace","duration":0.0297090000000253,"failureMessages":[],"meta":{}},{"ancestorTitles":["sanitizeHtml"],"fullName":"sanitizeHtml should remove script tags","status":"passed","title":"should remove script tags","duration":5.561832999999979,"failureMessages":[],"meta":{}},{"ancestorTitles":["sanitizeHtml"],"fullName":"sanitizeHtml should remove event handlers","status":"passed","title":"should remove event handlers","duration":1.470957999999996,"failureMessages":[],"meta":{}},{"ancestorTitles":["sanitizeHtml"],"fullName":"sanitizeHtml should remove onmouseover handlers","status":"passed","title":"should remove onmouseover handlers","duration":0.860541000000012,"failureMessages":[],"meta":{}},{"ancestorTitles":["sanitizeHtml"],"fullName":"sanitizeHtml should preserve safe HTML","status":"passed","title":"should preserve safe HTML","duration":0.9656250000000455,"failureMessages":[],"meta":{}},{"ancestorTitles":["sanitizeHtml"],"fullName":"sanitizeHtml should handle empty string","status":"passed","title":"should handle empty string","duration":0.707540999999992,"failureMessages":[],"meta":{}}],"startTime":1770386647014,"endTime":1770386647032.7075,"status":"failed","message":"","name":"/Users/jacobstephens/Documents/Ally-ios/src/lib/utils.test.ts"},{"assertionResults":[{"ancestorTitles":["waterBodyUtils"],"fullName":"waterBodyUtils treats pool variants as pool types","status":"passed","title":"treats pool variants as pool types","duration":0.6068750000000023,"failureMessages":[],"meta":{}},{"ancestorTitles":["waterBodyUtils"],"fullName":"waterBodyUtils maps pool variants to pool category","status":"passed","title":"maps pool variants to pool category","duration":0.14237500000001546,"failureMessages":[],"meta":{}}],"startTime":1770386651438,"endTime":1770386651439.1423,"status":"passed","message":"","name":"/Users/jacobstephens/Documents/Ally-ios/src/lib/waterBodyUtils.test.ts"},{"assertionResults":[{"ancestorTitles":["getParameterTemplates","freshwater templates"],"fullName":"getParameterTemplates freshwater templates should return freshwater templates","status":"passed","title":"should return freshwater templates","duration":0.5617910000000279,"failureMessages":[],"meta":{}},{"ancestorTitles":["getParameterTemplates","freshwater templates"],"fullName":"getParameterTemplates freshwater templates should include basic parameters","status":"failed","title":"should include basic parameters","duration":2.322334000000012,"failureMessages":["AssertionError: expected [ 'Freshwater Standard' ] to include 'Basic'\n    at Proxy.<anonymous> (file:///Users/jacobstephens/Documents/Ally-ios/node_modules/@vitest/expect/dist/index.js:1252:15)\n    at Proxy.<anonymous> (file:///Users/jacobstephens/Documents/Ally-ios/node_modules/@vitest/expect/dist/index.js:1090:14)\n    at Proxy.toContain (file:///Users/jacobstephens/Documents/Ally-ios/node_modules/chai/index.js:1700:25)\n    at /Users/jacobstephens/Documents/Ally-ios/src/lib/waterTestUtils.test.ts:14:29\n    at file:///Users/jacobstephens/Documents/Ally-ios/node_modules/@vitest/runner/dist/index.js:145:11\n    at file:///Users/jacobstephens/Documents/Ally-ios/node_modules/@vitest/runner/dist/index.js:915:26\n    at file:///Users/jacobstephens/Documents/Ally-ios/node_modules/@vitest/runner/dist/index.js:1243:20\n    at new Promise (<anonymous>)\n    at runWithTimeout (file:///Users/jacobstephens/Documents/Ally-ios/node_modules/@vitest/runner/dist/index.js:1209:10)\n    at file:///Users/jacobstephens/Documents/Ally-ios/node_modules/@vitest/runner/dist/index.js:1653:37"],"meta":{}},{"ancestorTitles":["getParameterTemplates","freshwater templates"],"fullName":"getParameterTemplates freshwater templates should have proper structure for each template","status":"passed","title":"should have proper structure for each template","duration":0.7387919999999895,"failureMessages":[],"meta":{}},{"ancestorTitles":["getParameterTemplates","saltwater templates"],"fullName":"getParameterTemplates saltwater templates should return saltwater templates","status":"passed","title":"should return saltwater templates","duration":0.18000000000000682,"failureMessages":[],"meta":{}},{"ancestorTitles":["getParameterTemplates","saltwater templates"],"fullName":"getParameterTemplates saltwater templates should include salinity-related parameters","status":"passed","title":"should include salinity-related parameters","duration":0.2232909999999606,"failureMessages":[],"meta":{}},{"ancestorTitles":["getParameterTemplates","reef templates"],"fullName":"getParameterTemplates reef templates should return reef templates","status":"passed","title":"should return reef templates","duration":0.07074999999997544,"failureMessages":[],"meta":{}},{"ancestorTitles":["getParameterTemplates","reef templates"],"fullName":"getParameterTemplates reef templates should include reef-specific parameters","status":"passed","title":"should include reef-specific parameters","duration":0.252125000000035,"failureMessages":[],"meta":{}},{"ancestorTitles":["getParameterTemplates","unknown aquarium type"],"fullName":"getParameterTemplates unknown aquarium type should return freshwater templates for unknown type","status":"failed","title":"should return freshwater templates for unknown type","duration":4.390125000000012,"failureMessages":["AssertionError: expected [ { id: 'basic', …(2) } ] to deeply equal [ { id: 'freshwater-standard', …(2) } ]\n    at /Users/jacobstephens/Documents/Ally-ios/src/lib/waterTestUtils.test.ts:66:25\n    at file:///Users/jacobstephens/Documents/Ally-ios/node_modules/@vitest/runner/dist/index.js:145:11\n    at file:///Users/jacobstephens/Documents/Ally-ios/node_modules/@vitest/runner/dist/index.js:915:26\n    at file:///Users/jacobstephens/Documents/Ally-ios/node_modules/@vitest/runner/dist/index.js:1243:20\n    at new Promise (<anonymous>)\n    at runWithTimeout (file:///Users/jacobstephens/Documents/Ally-ios/node_modules/@vitest/runner/dist/index.js:1209:10)\n    at file:///Users/jacobstephens/Documents/Ally-ios/node_modules/@vitest/runner/dist/index.js:1653:37\n    at Traces.$ (file:///Users/jacobstephens/Documents/Ally-ios/node_modules/vitest/dist/chunks/traces.CCmnQaNT.js:142:27)\n    at trace (file:///Users/jacobstephens/Documents/Ally-ios/node_modules/vitest/dist/chunks/test.B8ej_ZHS.js:239:21)\n    at runTest (file:///Users/jacobstephens/Documents/Ally-ios/node_modules/@vitest/runner/dist/index.js:1653:12)"],"meta":{}},{"ancestorTitles":["validateParameter","pH validation"],"fullName":"validateParameter pH validation should validate pH in normal range as valid","status":"passed","title":"should validate pH in normal range as valid","duration":0.14729099999999562,"failureMessages":[],"meta":{}},{"ancestorTitles":["validateParameter","pH validation"],"fullName":"validateParameter pH validation should validate extremely low pH as invalid","status":"passed","title":"should validate extremely low pH as invalid","duration":0.085125000000005,"failureMessages":[],"meta":{}},{"ancestorTitles":["validateParameter","pH validation"],"fullName":"validateParameter pH validation should validate extremely high pH as invalid","status":"passed","title":"should validate extremely high pH as invalid","duration":0.03950000000003229,"failureMessages":[],"meta":{}},{"ancestorTitles":["validateParameter","Ammonia validation"],"fullName":"validateParameter Ammonia validation should validate 0 ammonia as valid","status":"passed","title":"should validate 0 ammonia as valid","duration":0.038000000000010914,"failureMessages":[],"meta":{}},{"ancestorTitles":["validateParameter","Ammonia validation"],"fullName":"validateParameter Ammonia validation should validate low ammonia as valid","status":"passed","title":"should validate low ammonia as valid","duration":0.02841599999999289,"failureMessages":[],"meta":{}},{"ancestorTitles":["validateParameter","Ammonia validation"],"fullName":"validateParameter Ammonia validation should validate very high ammonia as invalid","status":"passed","title":"should validate very high ammonia as invalid","duration":0.02800000000002001,"failureMessages":[],"meta":{}},{"ancestorTitles":["validateParameter","Nitrite validation"],"fullName":"validateParameter Nitrite validation should validate 0 nitrite as valid","status":"passed","title":"should validate 0 nitrite as valid","duration":0.03074999999995498,"failureMessages":[],"meta":{}},{"ancestorTitles":["validateParameter","Nitrite validation"],"fullName":"validateParameter Nitrite validation should validate high nitrite as invalid","status":"passed","title":"should validate high nitrite as invalid","duration":0.026499999999998636,"failureMessages":[],"meta":{}},{"ancestorTitles":["validateParameter","Nitrate validation"],"fullName":"validateParameter Nitrate validation should validate low nitrate as valid","status":"passed","title":"should validate low nitrate as valid","duration":0.025874999999984993,"failureMessages":[],"meta":{}},{"ancestorTitles":["validateParameter","Nitrate validation"],"fullName":"validateParameter Nitrate validation should validate moderate nitrate as valid","status":"passed","title":"should validate moderate nitrate as valid","duration":0.02754099999998516,"failureMessages":[],"meta":{}},{"ancestorTitles":["validateParameter","Nitrate validation"],"fullName":"validateParameter Nitrate validation should validate extremely high nitrate as invalid","status":"passed","title":"should validate extremely high nitrate as invalid","duration":0.027625000000000455,"failureMessages":[],"meta":{}},{"ancestorTitles":["validateParameter","unknown parameter"],"fullName":"validateParameter unknown parameter should return valid for unknown parameters","status":"passed","title":"should return valid for unknown parameters","duration":0.025624999999990905,"failureMessages":[],"meta":{}},{"ancestorTitles":["validateParameter","saltwater-specific validation"],"fullName":"validateParameter saltwater-specific validation should validate Salinity in normal range","status":"failed","title":"should validate Salinity in normal range","duration":0.3094590000000039,"failureMessages":["AssertionError: expected false to be true // Object.is equality\n    at /Users/jacobstephens/Documents/Ally-ios/src/lib/waterTestUtils.test.ts:146:30\n    at file:///Users/jacobstephens/Documents/Ally-ios/node_modules/@vitest/runner/dist/index.js:145:11\n    at file:///Users/jacobstephens/Documents/Ally-ios/node_modules/@vitest/runner/dist/index.js:915:26\n    at file:///Users/jacobstephens/Documents/Ally-ios/node_modules/@vitest/runner/dist/index.js:1243:20\n    at new Promise (<anonymous>)\n    at runWithTimeout (file:///Users/jacobstephens/Documents/Ally-ios/node_modules/@vitest/runner/dist/index.js:1209:10)\n    at file:///Users/jacobstephens/Documents/Ally-ios/node_modules/@vitest/runner/dist/index.js:1653:37\n    at Traces.$ (file:///Users/jacobstephens/Documents/Ally-ios/node_modules/vitest/dist/chunks/traces.CCmnQaNT.js:142:27)\n    at trace (file:///Users/jacobstephens/Documents/Ally-ios/node_modules/vitest/dist/chunks/test.B8ej_ZHS.js:239:21)\n    at runTest (file:///Users/jacobstephens/Documents/Ally-ios/node_modules/@vitest/runner/dist/index.js:1653:12)"],"meta":{}},{"ancestorTitles":["validateParameter","saltwater-specific validation"],"fullName":"validateParameter saltwater-specific validation should validate extremely low salinity as invalid for saltwater","status":"passed","title":"should validate extremely low salinity as invalid for saltwater","duration":0.040124999999989086,"failureMessages":[],"meta":{}}],"startTime":1770386648086,"endTime":1770386648096.3096,"status":"failed","message":"","name":"/Users/jacobstephens/Documents/Ally-ios/src/lib/waterTestUtils.test.ts"},{"assertionResults":[{"ancestorTitles":["Admin","Page Rendering"],"fullName":"Admin Page Rendering renders admin dashboard title","status":"passed","title":"renders admin dashboard title","duration":225.42029100000036,"failureMessages":[],"meta":{}},{"ancestorTitles":["Admin","Page Rendering"],"fullName":"Admin Page Rendering displays admin email","status":"passed","title":"displays admin email","duration":126.17162499999995,"failureMessages":[],"meta":{}},{"ancestorTitles":["Admin","Page Rendering"],"fullName":"Admin Page Rendering renders home and sign out buttons","status":"passed","title":"renders home and sign out buttons","duration":169.19925000000012,"failureMessages":[],"meta":{}},{"ancestorTitles":["Admin","Navigation"],"fullName":"Admin Navigation navigates to home when Home button clicked","status":"passed","title":"navigates to home when Home button clicked","duration":154.72337500000003,"failureMessages":[],"meta":{}},{"ancestorTitles":["Admin","Navigation"],"fullName":"Admin Navigation calls signOut when Sign Out button clicked","status":"passed","title":"calls signOut when Sign Out button clicked","duration":132.5174579999998,"failureMessages":[],"meta":{}},{"ancestorTitles":["Admin","Stats Cards"],"fullName":"Admin Stats Cards renders stats cards","status":"failed","title":"renders stats cards","duration":1056.1738329999998,"failureMessages":["Error: Unable to find an element with the text: /total waitlist/i. This could be because the text is broken up by multiple elements. In this case, you can provide a function for your text matcher to make your matcher more flexible.\n\nIgnored nodes: comments, script, style\n\u001b[36m<body>\u001b[39m\n  \u001b[36m<div>\u001b[39m\n    \u001b[36m<div\u001b[39m\n      \u001b[33mclass\u001b[39m=\u001b[32m\"group/sidebar-wrapper flex min-h-svh w-full has-[[data-variant=inset]]:bg-sidebar\"\u001b[39m\n      \u001b[33mstyle\u001b[39m=\u001b[32m\"--sidebar-width: 16rem; --sidebar-width-icon: 3rem;\"\u001b[39m\n    \u001b[36m>\u001b[39m\n      \u001b[36m<div\u001b[39m\n        \u001b[33mclass\u001b[39m=\u001b[32m\"min-h-screen flex w-full bg-gradient-to-br from-background via-background to-primary/5\"\u001b[39m\n      \u001b[36m>\u001b[39m\n        \u001b[36m<div\u001b[39m\n          \u001b[33mclass\u001b[39m=\u001b[32m\"group peer hidden text-sidebar-foreground md:block\"\u001b[39m\n          \u001b[33mdata-collapsible\u001b[39m=\u001b[32m\"\"\u001b[39m\n          \u001b[33mdata-side\u001b[39m=\u001b[32m\"left\"\u001b[39m\n          \u001b[33mdata-state\u001b[39m=\u001b[32m\"expanded\"\u001b[39m\n          \u001b[33mdata-variant\u001b[39m=\u001b[32m\"sidebar\"\u001b[39m\n        \u001b[36m>\u001b[39m\n          \u001b[36m<div\u001b[39m\n            \u001b[33mclass\u001b[39m=\u001b[32m\"relative h-svh w-[--sidebar-width] bg-transparent transition-[width] duration-200 ease-linear group-data-[collapsible=offcanvas]:w-0 group-data-[side=right]:rotate-180 group-data-[collapsible=icon]:w-[--sidebar-width-icon]\"\u001b[39m\n          \u001b[36m/>\u001b[39m\n          \u001b[36m<div\u001b[39m\n            \u001b[33mclass\u001b[39m=\u001b[32m\"fixed inset-y-0 z-10 hidden h-svh w-[--sidebar-width] transition-[left,right,width] duration-200 ease-linear md:flex left-0 group-data-[collapsible=offcanvas]:left-[calc(var(--sidebar-width)*-1)] group-data-[collapsible=icon]:w-[--sidebar-width-icon] group-data-[side=left]:border-r group-data-[side=right]:border-l border-r\"\u001b[39m\n          \u001b[36m>\u001b[39m\n            \u001b[36m<div\u001b[39m\n              \u001b[33mclass\u001b[39m=\u001b[32m\"flex h-full w-full flex-col bg-sidebar group-data-[variant=floating]:rounded-lg group-data-[variant=floating]:border group-data-[variant=floating]:border-sidebar-border group-data-[variant=floating]:shadow\"\u001b[39m\n              \u001b[33mdata-sidebar\u001b[39m=\u001b[32m\"sidebar\"\u001b[39m\n            \u001b[36m>\u001b[39m\n              \u001b[36m<div\u001b[39m\n                \u001b[33mclass\u001b[39m=\u001b[32m\"flex flex-col gap-2 p-2 border-b px-4 py-3\"\u001b[39m\n                \u001b[33mdata-sidebar\u001b[39m=\u001b[32m\"header\"\u001b[39m\n              \u001b[36m>\u001b[39m\n                \u001b[36m<div\u001b[39m\n                  \u001b[33mclass\u001b[39m=\u001b[32m\"flex items-center justify-between\"\u001b[39m\n                \u001b[36m>\u001b[39m\n                  \u001b[36m<span\u001b[39m\n                    \u001b[33mclass\u001b[39m=\u001b[32m\"font-semibold text-lg\"\u001b[39m\n                  \u001b[36m>\u001b[39m
[...]
e (<anonymous>)\n    at runWithTimeout (file:///Users/jacobstephens/Documents/Ally-ios/node_modules/@vitest/runner/dist/index.js:1209:10)\n    at file:///Users/jacobstephens/Documents/Ally-ios/node_modules/@vitest/runner/dist/index.js:1653:37\n    at Traces.$ (file:///Users/jacobstephens/Documents/Ally-ios/node_modules/vitest/dist/chunks/traces.CCmnQaNT.js:142:27)\n    at trace (file:///Users/jacobstephens/Documents/Ally-ios/node_modules/vitest/dist/chunks/test.B8ej_ZHS.js:239:21)"],"meta":{}},{"ancestorTitles":["waterTestAlerts DAL","getAlertCountsBySeverity"],"fullName":"waterTestAlerts DAL getAlertCountsBySeverity should ignore unknown severity values","status":"failed","title":"should ignore unknown severity values","duration":0.13662500000003774,"failureMessages":["TypeError: __vite_ssr_import_0__.supabase.from(...).select(...).eq(...).eq is not a function\n    at Module.getAlertCountsBySeverity (/Users/jacobstephens/Documents/Ally-ios/src/infrastructure/queries/waterTestAlerts.ts:145:6)\n    at /Users/jacobstephens/Documents/Ally-ios/src/infrastructure/queries/waterTestAlerts.test.ts:248:28\n    at file:///Users/jacobstephens/Documents/Ally-ios/node_modules/@vitest/runner/dist/index.js:145:11\n    at file:///Users/jacobstephens/Documents/Ally-ios/node_modules/@vitest/runner/dist/index.js:915:26\n    at file:///Users/jacobstephens/Documents/Ally-ios/node_modules/@vitest/runner/dist/index.js:1243:20\n    at new Promise (<anonymous>)\n    at runWithTimeout (file:///Users/jacobstephens/Documents/Ally-ios/node_modules/@vitest/runner/dist/index.js:1209:10)\n    at file:///Users/jacobstephens/Documents/Ally-ios/node_modules/@vitest/runner/dist/index.js:1653:37\n    at Traces.$ (file:///Users/jacobstephens/Documents/Ally-ios/node_modules/vitest/dist/chunks/traces.CCmnQaNT.js:142:27)\n    at trace (file:///Users/jacobstephens/Documents/Ally-ios/node_modules/vitest/dist/chunks/test.B8ej_ZHS.js:239:21)"],"meta":{}}],"startTime":1770386648543,"endTime":1770386648551.282,"status":"failed","message":"","name":"/Users/jacobstephens/Documents/Ally-ios/src/infrastructure/queries/waterTestAlerts.test.ts"},{"assertionResults":[{"ancestorTitles":["waterTests DAL","fetchWaterTests"],"fullName":"waterTests DAL fetchWaterTests should fetch water tests with pagination","status":"passed","title":"should fetch water tests with pagination","duration":1.5608330000000024,"failureMessages":[],"meta":{}},{"ancestorTitles":["waterTests DAL","fetchWaterTests"],"fullName":"waterTests DAL fetchWaterTests should fetch water tests with custom limit and offset","status":"passed","title":"should fetch water tests with custom limit and offset","duration":0.4489579999999478,"failureMessages":[],"meta":{}},{"ancestorTitles":["waterTests DAL","fetchWaterTests"],"fullName":"waterTests DAL fetchWaterTests should throw error on failure","status":"passed","title":"should throw error on failure","duration":1.9859169999999722,"failureMessages":[],"meta":{}},{"ancestorTitles":["waterTests DAL","fetchAllWaterTests"],"fullName":"waterTests DAL fetchAllWaterTests should fetch all water tests without limit","status":"failed","title":"should fetch all water tests without limit","duration":2.490583000000015,"failureMessages":["TypeError: __vite_ssr_import_0__.supabase.from(...).select(...).eq(...).order(...).limit is not a function\n    at Module.fetchAllWaterTests (/Users/jacobstephens/Documents/Ally-ios/src/infrastructure/queries/waterTests.ts:85:6)\n    at processTicksAndRejections (node:internal/process/task_queues:103:5)\n    at /Users/jacobstephens/Documents/Ally-ios/src/infrastructure/queries/waterTests.test.ts:95:22\n    at file:///Users/jacobstephens/Documents/Ally-ios/node_modules/@vitest/runner/dist/index.js:915:20"],"meta":{}},{"ancestorTitles":["waterTests DAL","fetchAllWaterTests"],"fullName":"waterTests DAL fetchAllWaterTests should fetch water tests with limit","status":"passed","title":"should fetch water tests with limit","duration":1.6554160000000593,"failureMessages":[],"meta":{}},{"ancestorTitles":["waterTests DAL","fetchLatestWaterTest"],"fullName":"waterTests DAL fetchLatestWaterTest should fetch the latest water test","status":"passed","title":"should fetch the latest water test","duration":0.564290999999912,"failureMessages":[],"meta":{}},{"ancestorTitles":["waterTests DAL","fetchLatestWaterTest"],"fullName":"waterTests DAL fetchLatestWaterTest should return null when no tests exist","status":"passed","title":"should return null when no tests exist","duration":1.9699170000001232,"failureMessages":[],"meta":{}},{"ancestorTitles":["waterTests DAL","fetchWaterTestsForChart"],"fullName":"waterTests DAL fetchWaterTestsForChart should fetch tests for 7 day range","status":"passed","title":"should fetch tests for 7 day range","duration":0.582540999999992,"failureMessages":[],"meta":{}},{"ancestorTitles":["waterTests DAL","fetchWaterTestsForChart"],"fullName":"waterTests DAL fetchWaterTestsForChart should fetch all tests when range is \"all\"","status":"passed","title":"should fetch all tests when range is \"all\"","duration":0.1243339999998625,"failureMessages":[],"meta":{}},{"ancestorTitles":["waterTests DAL","fetchWaterTestsForChart"],"fullName":"waterTests DAL fetchWaterTestsForChart should handle 30d, 90d, and 1y ranges","status":"passed","title":"should handle 30d, 90d, and 1y ranges","duration":0.1318340000000262,"failureMessages":[],"meta":{}},{"ancestorTitles":["waterTests DAL","fetchWaterTest"],"fullName":"waterTests DAL fetchWaterTest should fetch a single water test with ownership verification","status":"passed","title":"should fetch a single water test with ownership verification","duration":0.19899999999984175,"failureMessages":[],"meta":{}},{"ancestorTitles":["waterTests DAL","fetchWaterTest"],"fullName":"waterTests DAL fetchWaterTest should throw error when water test not found","status":"passed","title":"should throw error when water test not found","duration":0.4250419999998485,"failureMessages":[],"meta":{}},{"ancestorTitles":["waterTests DAL","createWaterTest"],"fullName":"waterTests DAL createWaterTest should create water test with parameters","status":"failed","title":"should create water test with parameters","duration":1.2264170000000831,"failureMessages":["Error: Invalid water test: aquarium_id: Invalid UUID format, user_id: Invalid UUID format\n    at validateOrThrow (/Users/jacobstephens/Documents/Ally-ios/src/lib/validationSchemas.ts:208:11)\n    at Module.createWaterTest (/Users/jacobstephens/Documents/Ally-ios/src/infrastructure/queries/waterTests.ts:167:25)\n    at /Users/jacobstephens/Documents/Ally-ios/src/infrastructure/queries/waterTests.test.ts:253:28\n    at file:///Users/jacobstephens/Documents/Ally-ios/node_modules/@vitest/runner/dist/index.js:145:11\n    at file:///Users/jacobstephens/Documents/Ally-ios/node_modules/@vitest/runner/dist/index.js:915:26\n    at file:///Users/jacobstephens/Documents/Ally-ios/node_modules/@vitest/runner/dist/index.js:1243:20\n    at new Promise (<anonymous>)\n    at runWithTimeout (file:///Users/jacobstephens/Documents/Ally-ios/node_modules/@vitest/runner/dist/index.js:1209:10)\n    at file:///Users/jacobstephens/Documents/Ally-ios/node_modules/@vitest/runner/dist/index.js:1653:37\n    at Traces.$ (file:///Users/jacobstephens/Documents/Ally-ios/node_modules/vitest/dist/chunks/traces.CCmnQaNT.js:142:27)"],"meta":{}},{"ancestorTitles":["waterTests DAL","createWaterTest"],"fullName":"waterTests DAL createWaterTest should create water test without parameters","status":"failed","title":"should create water test without parameters","duration":0.835207999999966,"failureMessages":["Error: Invalid water test: aquarium_id: Invalid UUID format, user_id: Invalid UUID format\n    at validateOrThrow (/Users/jacobstephens/Documents/Ally-ios/src/lib/validationSchemas.ts:208:11)\n    at Module.createWaterTest (/Users/jacobstephens/Documents/Ally-ios/src/infrastructure/queries/waterTests.ts:167:25)\n    at /Users/jacobstephens/Documents/Ally-ios/src/infrastructure/queries/waterTests.test.ts:273:28\n    at file:///Users/jacobstephens/Documents/Ally-ios/node_modules/@vitest/runner/dist/index.js:145:11\n    at file:///Users/jacobstephens/Documents/Ally-ios/node_modules/@vitest/runner/dist/index.js:915:26\n    at file:///Users/jacobstephens/Documents/Ally-ios/node_modules/@vitest/runner/dist/index.js:1243:20\n    at new Promise (<anonymous>)\n    at runWithTimeout (file:///Users/jacobstephens/Documents/Ally-ios/node_modules/@vitest/runner/dist/index.js:1209:10)\n    at file:///Users/jacobstephens/Documents/Ally-ios/node_modules/@vitest/runner/dist/index.js:1653:37\n    at Traces.$ (file:///Users/jacobstephens/Documents/Ally-ios/node_modules/vitest/dist/chunks/traces.CCmnQaNT.js:142:27)"],"meta":{}},{"ancestorTitles":["waterTests DAL","createWaterTest"],"fullName":"waterTests DAL createWaterTest should throw error when test creation fails","status":"failed","title":"should throw error when test creation fails","duration":5.173416999999972,"failureMessages":["AssertionError: expected Error: Invalid water test: aquarium_id: I… to deeply equal { message: 'Insert failed' }\n    at file:///Users/jacobstephens/Documents/Ally-ios/node_modules/@vitest/expect/dist/index.js:1704:20\n    at processTicksAndRejections (node:internal/process/task_queues:103:5)"],"meta":{}},{"ancestorTitles":["waterTests DAL","createWaterTest"],"fullName":"waterTests DAL createWaterTest should throw error when parameter creation fails","status":"failed","title":"should throw error when parameter creation fails","duration":0.7757500000000164,"failureMessages":["AssertionError: expected Error: Invalid water test: aquarium_id: I… to deeply equal { message: 'Param insert failed' }\n    at file:///Users/jacobstephens/Documents/Ally-ios/node_modules/@vitest/expect/dist/index.js:1704:20\n    at processTicksAndRejections (node:internal/process/task_queues:103:5)"],"meta":{}},{"ancestorTitles":["waterTests DAL","deleteWaterTest"],"fullName":"waterTests DAL deleteWaterTest should delete water test with ownership verification","status":"passed","title":"should delete water test with ownership verification","duration":0.17670799999996234,"failureMessages":[],"meta":{}},{"ancestorTitles":["waterTests DAL","deleteWaterTest"],"fullName":"waterTests DAL deleteWaterTest should throw error on failure","status":"passed","title":"should throw error on failure","duration":0.6982499999999163,"failureMessages":[],"meta":{}},{"ancestorTitles":["waterTests DAL","fetchMonthlyTestCount"],"fullName":"waterTests DAL fetchMonthlyTestCount should fetch monthly count","status":"passed","title":"should fetch monthly count","duration":0.1814999999999145,"failureMessages":[],"meta":{}},{"ancestorTitles":["waterTests DAL","fetchMonthlyTestCount"],"fullName":"waterTests DAL fetchMonthlyTestCount should return 0 when count is null","status":"passed","title":"should return 0 when count is null","duration":0.07770899999991343,"failureMessages":[],"meta":{}},{"ancestorTitles":["waterTests DAL","uploadWaterTestPhoto"],"fullName":"waterTests DAL uploadWaterTestPhoto should upload photo and return public URL","status":"passed","title":"should upload photo and return public URL","duration":0.3819579999999405,"failureMessages":[],"meta":{}},{"ancestorTitles":["waterTests DAL","uploadWaterTestPhoto"],"fullName":"waterTests DAL uploadWaterTestPhoto should throw error on upload failure","status":"passed","title":"should throw error on upload failure","duration":3002.815584,"failureMessages":[],"meta":{}}],"startTime":1770386645809,"endTime":1770386648834.8157,"status":"failed","message":"","name":"/Users/jacobstephens/Documents/Ally-ios/src/infrastructure/queries/waterTests.test.ts"},{"assertionResults":[{"ancestorTitles":["Input Gate - Conversation Type Detection"],"fullName":"Input Gate - Conversation Type Detection detects pool dosing intent from keywords","status":"passed","title":"detects pool dosing intent from keywords","duration":0.9322500000000105,"failureMessages":[],"meta":{}},{"ancestorTitles":["Input Gate - Conversation Type Detection"],"fullName":"Input Gate - Conversation Type Detection detects spa dosing intent from keywords","status":"passed","title":"detects spa dosing intent from keywords","duration":0.08683300000001282,"failureMessages":[],"meta":{}},{"ancestorTitles":["Input Gate - Conversation Type Detection"],"fullName":"Input Gate - Conversation Type Detection detects aquarium treatment intent from keywords","status":"passed","title":"detects aquarium treatment intent from keywords","duration":0.0570409999999697,"failureMessages":[],"meta":{}},{"ancestorTitles":["Input Gate - Conversation Type Detection"],"fullName":"Input Gate - Conversation Type Detection returns general for non-dosing conversations","status":"passed","title":"returns general for non-dosing conversations","duration":0.0604579999999828,"failureMessages":[],"meta":{}},{"ancestorTitles":["Input Gate - Conversation Type Detection"],"fullName":"Input Gate - Conversation Type Detection considers water type context for intent detection","status":"failed","title":"considers water type context for intent detection","duration":6.461041000000023,"failureMessages":["AssertionError: expected 'pool_dosing' to be 'general' // Object.is equality\n    at /Users/jacobstephens/Documents/Ally-ios/src/components/chat/__tests__/inputGate.test.ts:240:60\n    at file:///Users/jacobstephens/Documents/Ally-ios/node_modules/@vitest/runner/dist/index.js:145:11\n    at file:///Users/jacobstephens/Documents/Ally-ios/node_modules/@vitest/runner/dist/index.js:915:26\n    at file:///Users/jacobstephens/Documents/Ally-ios/node_modules/@vitest/runner/dist/index.js:1243:20\n    at new Promise (<anonymous>)\n    at runWithTimeout (file:///Users/jacobstephens/Documents/Ally-ios/node_modules/@vitest/runner/dist/index.js:1209:10)\n    at file:///Users/jacobstephens/Documents/Ally-ios/node_modules/@vitest/runner/dist/index.js:1653:37\n    at Traces.$ (file:///Users/jacobstephens/Documents/Ally-ios/node_modules/vitest/dist/chunks/traces.CCmnQaNT.js:142:27)\n    at trace (file:///Users/jacobstephens/Documents/Ally-ios/node_modules/vitest/dist/chunks/test.B8ej_ZHS.js:239:21)\n    at runTest (file:///Users/jacobstephens/Documents/Ally-ios/node_modules/@vitest/runner/dist/index.js:1653:12)"],"meta":{}},{"ancestorTitles":["Input Gate - Missing Input Detection"],"fullName":"Input Gate - Missing Input Detection identifies missing pool dosing requirements","status":"passed","title":"identifies missing pool dosing requirements","duration":0.7216250000000173,"failureMessages":[],"meta":{}},{"ancestorTitles":["Input Gate - Missing Input Detection"],"fullName":"Input Gate - Missing Input Detection identifies missing aquarium treatment requirements","status":"passed","title":"identifies missing aquarium treatment requirements","duration":0.1824579999999969,"failureMessages":[],"meta":{}},{"ancestorTitles":["Input Gate - Missing Input Detection"],"fullName":"Input Gate - Missing Input Detection adds salinity requirement for saltwater aquariums","status":"passed","title":"adds salinity requirement for saltwater aquariums","duration":0.08566700000000083,"failureMessages":[],"meta":{}},{"ancestorTitles":["Input Gate - Missing Input Detection"],"fullName":"Input Gate - Missing Input Detection does not add salinity requirement for freshwater aquariums","status":"passed","title":"does not add salinity requirement for freshwater aquariums","duration":0.1074169999999981,"failureMessages":[],"meta":{}},{"ancestorTitles":["Input Gate - Gate Triggering"],"fullName":"Input Gate - Gate Triggering triggers gate when 2+ critical inputs missing","status":"passed","title":"triggers gate when 2+ critical inputs missing","duration":0.10045800000000327,"failureMessages":[],"meta":{}},{"ancestorTitles":["Input Gate - Gate Triggering"],"fullName":"Input Gate - Gate Triggering does not trigger gate for complete pool inputs","status":"passed","title":"does not trigger gate for complete pool inputs","duration":0.09141699999997854,"failureMessages":[],"meta":{}},{"ancestorTitles":["Input Gate - Gate Triggering"],"fullName":"Input Gate - Gate Triggering does not trigger gate for general conversations","status":"passed","title":"does not trigger gate for general conversations","duration":0.040832999999963704,"failureMessages":[],"meta":{}},{"ancestorTitles":["Input Gate - Full Validation Flow"],"fullName":"Input Gate - Full Validation Flow returns proper structure for pool dosing with missing inputs","status":"passed","title":"returns proper structure for pool dosing with missing inputs","duration":0.10966600000000426,"failureMessages":[],"meta":{}},{"ancestorTitles":["Input Gate - Full Validation Flow"],"fullName":"Input Gate - Full Validation Flow handles empty messages gracefully","status":"passed","title":"handles empty messages gracefully","duration":0.0413340000000062,"failureMessages":[],"meta":{}},{"ancestorTitles":["Input Gate - Full Validation Flow"],"fullName":"Input Gate - Full Validation Flow handles multi-turn conversations correctly","status":"passed","title":"handles multi-turn conversations correctly","duration":0.2434170000000222,"failureMessages":[],"meta":{}},{"ancestorTitles":["Expected AI Behavior - Safety Escalation"],"fullName":"Expected AI Behavior - Safety Escalation documents expected vet recommendation scenario","status":"passed","title":"documents expected vet recommendation scenario","duration":0.13999999999998636,"failureMessages":[],"meta":{}},{"ancestorTitles":["Expected AI Behavior - Safety Escalation"],"fullName":"Expected AI Behavior - Safety Escalation documents expected contractor recommendation scenario","status":"passed","title":"documents expected contractor recommendation scenario","duration":0.062291000000016084,"failureMessages":[],"meta":{}},{"ancestorTitles":["Expected AI Behavior - Safety Escalation"],"fullName":"Expected AI Behavior - Safety Escalation documents no-guessing behavior for incomplete pool data","status":"passed","title":"documents no-guessing behavior for incomplete pool data","duration":0.0477910000000179,"failureMessages":[],"meta":{}},{"ancestorTitles":["Expected AI Behavior - Confirmation Flow"],"fullName":"Expected AI Behavior - Confirmation Flow documents expected confirmation before logging water test","status":"passed","title":"documents expected confirmation before logging water test","duration":0.047167000000001735,"failureMessages":[],"meta":{}},{"ancestorTitles":["Expected AI Behavior - Confirmation Flow"],"fullName":"Expected AI Behavior - Confirmation Flow documents expected confirmation before creating task","status":"passed","title":"documents expected confirmation before creating task","duration":0.04537499999997863,"failureMessages":[],"meta":{}},{"ancestorTitles":["Expected AI Behavior - Confirmation Flow"],"fullName":"Expected AI Behavior - Confirmation Flow documents expected confirmation before adding livestock","status":"passed","title":"documents expected confirmation before adding livestock","duration":0.05750000000000455,"failureMessages":[],"meta":{}},{"ancestorTitles":["Expected AI Behavior - Response Format"],"fullName":"Expected AI Behavior - Response Format documents expected structured response for dosing recommendation","status":"passed","title":"documents expected structured response for dosing recommendation","duration":0.02795799999995552,"failureMessages":[],"meta":{}},{"ancestorTitles":["Expected AI Behavior - Response Format"],"fullName":"Expected AI Behavior - Response Format documents expected unstructured response for simple greeting","status":"passed","title":"documents expected unstructured response for simple greeting","duration":0.02075000000002092,"failureMessages":[],"meta":{}}],"startTime":1770386648546,"endTime":1770386648556.0576,"status":"failed","message":"","name":"/Users/jacobstephens/Documents/Ally-ios/src/components/chat/__tests__/inputGate.test.ts"}]}